2025-08-03T08:14:15+00:00 DEBUG #5790 - [New Request] POST /wp-json/wc-admin/plugins/install
2025-08-03T08:14:15+00:00 DEBUG #5790 - GET https://api.woocommerce.com/integrations/ppc/v1/notifications/webhooks
Response: Array
(
    [code] => 404
    [message] => Not Found
)

Response Body: {"statusCode":404,"error":"Not Found","message":"Not Found"}
2025-08-03T08:14:15+00:00 ERROR #5790 - Failed to delete webhooks: [Error] Not Found
2025-08-03T08:14:15+00:00 INFO #5790 - Webhooks deleted.
2025-08-03T08:14:15+00:00 DEBUG #6431 - [New Request] POST /xmlrpc.php
2025-08-03T08:14:15+00:00 DEBUG #6431 - GET https://api.woocommerce.com/integrations/ppc/v1/notifications/webhooks
Response: Array
(
    [code] => 404
    [message] => Not Found
)

Response Body: {"statusCode":404,"error":"Not Found","message":"Not Found"}
2025-08-03T08:14:15+00:00 ERROR #6431 - Failed to delete webhooks: [Error] Not Found
2025-08-03T08:14:15+00:00 INFO #6431 - Webhooks deleted.
2025-08-03T08:14:16+00:00 DEBUG #6431 - POST https://api.woocommerce.com/integrations/ppc/v1/notifications/webhooks
Request Body: {"url":"https:\/\/shop.trymysoftware.online\/wp-json\/paypal\/v1\/incoming","event_types":[{"name":"CHECKOUT.ORDER.APPROVED"},{"name":"CHECKOUT.ORDER.COMPLETED"},{"name":"CHECKOUT.PAYMENT-APPROVAL.REVERSED"},{"name":"PAYMENT.CAPTURE.REFUNDED"},{"name":"PAYMENT.AUTHORIZATION.VOIDED"},{"name":"PAYMENT.CAPTURE.REVERSED"},{"name":"PAYMENT.ORDER.CANCELLED"},{"name":"PAYMENT.CAPTURE.DENIED"},{"name":"PAYMENT.CAPTURE.COMPLETED"},{"name":"VAULT.PAYMENT-TOKEN.CREATED"},{"name":"VAULT.PAYMENT-TOKEN.DELETED"},{"name":"PAYMENT.CAPTURE.PENDING"},{"name":"PAYMENT.SALE.COMPLETED"},{"name":"PAYMENT.SALE.REFUNDED"},{"name":"BILLING.SUBSCRIPTION.CANCELLED"},{"name":"BILLING.PLAN.PRICING-CHANGE.ACTIVATED"},{"name":"CATALOG.PRODUCT.UPDATED"},{"name":"BILLING.PLAN.UPDATED"}]}
Response: Array
(
    [code] => 404
    [message] => Not Found
)

Response Body: {"statusCode":404,"error":"Not Found","message":"Not Found"}
2025-08-03T08:14:16+00:00 ERROR #6431 - Failed to subscribe webhooks: [Error] Not Found
2025-08-03T08:14:16+00:00 DEBUG #5790 - POST https://api.woocommerce.com/integrations/ppc/v1/notifications/webhooks
Request Body: {"url":"https:\/\/shop.trymysoftware.online\/wp-json\/paypal\/v1\/incoming","event_types":[{"name":"CHECKOUT.ORDER.APPROVED"},{"name":"CHECKOUT.ORDER.COMPLETED"},{"name":"CHECKOUT.PAYMENT-APPROVAL.REVERSED"},{"name":"PAYMENT.CAPTURE.REFUNDED"},{"name":"PAYMENT.AUTHORIZATION.VOIDED"},{"name":"PAYMENT.CAPTURE.REVERSED"},{"name":"PAYMENT.ORDER.CANCELLED"},{"name":"PAYMENT.CAPTURE.DENIED"},{"name":"PAYMENT.CAPTURE.COMPLETED"},{"name":"VAULT.PAYMENT-TOKEN.CREATED"},{"name":"VAULT.PAYMENT-TOKEN.DELETED"},{"name":"PAYMENT.CAPTURE.PENDING"},{"name":"PAYMENT.SALE.COMPLETED"},{"name":"PAYMENT.SALE.REFUNDED"},{"name":"BILLING.SUBSCRIPTION.CANCELLED"},{"name":"BILLING.PLAN.PRICING-CHANGE.ACTIVATED"},{"name":"CATALOG.PRODUCT.UPDATED"},{"name":"BILLING.PLAN.UPDATED"}]}
Response: Array
(
    [code] => 404
    [message] => Not Found
)

Response Body: {"statusCode":404,"error":"Not Found","message":"Not Found"}
2025-08-03T08:14:16+00:00 ERROR #5790 - Failed to subscribe webhooks: [Error] Not Found
